<?xml version="1.0" encoding="UTF-8"?>
<testsuite name="MoodAnalyserTest" tests="1" skipped="0" failures="0" errors="0" timestamp="2021-07-29T15:18:37" hostname="LAPTOP-EJ5FUF38" time="0.003">
  <properties/>
  <testcase name="givenMessage_whenContainSad_ShouldReturnSad" classname="MoodAnalyserTest" time="0.003"/>
  <system-out><![CDATA[]]></system-out>
  <system-err><![CDATA[]]></system-err>
</testsuite>
