<?xml version="1.0" encoding="UTF-8"?>
<testsuite name="MoodAnalyserTest" tests="6" skipped="0" failures="0" errors="0" timestamp="2021-07-29T17:43:20" hostname="LAPTOP-EJ5FUF38" time="0.008">
  <properties/>
  <testcase name="givenMessage_ShouldReturnMood[0]" classname="MoodAnalyserTest" time="0.006"/>
  <testcase name="givenMessage_ShouldReturnMood[1]" classname="MoodAnalyserTest" time="0.0"/>
  <testcase name="givenMessage_ShouldReturnMood[2]" classname="MoodAnalyserTest" time="0.0"/>
  <testcase name="givenMessage_ShouldReturnMood[3]" classname="MoodAnalyserTest" time="0.0"/>
  <testcase name="givenMessage_ShouldReturnMood[4]" classname="MoodAnalyserTest" time="0.0"/>
  <testcase name="givenMessage_ShouldReturnMood[5]" classname="MoodAnalyserTest" time="0.0"/>
  <system-out><![CDATA[]]></system-out>
  <system-err><![CDATA[]]></system-err>
</testsuite>
