<?xml version="1.0" encoding="UTF-8"?>
<testsuite name="MoodAnalyserTest" tests="7" skipped="0" failures="0" errors="0" timestamp="2021-07-29T19:00:21" hostname="LAPTOP-EJ5FUF38" time="0.009">
  <properties/>
  <testcase name="givenMessage_ShouldReturnMood[0]" classname="MoodAnalyserTest" time="0.004"/>
  <testcase name="givenMessage_ShouldReturnMood[1]" classname="MoodAnalyserTest" time="0.001"/>
  <testcase name="givenMessage_ShouldReturnMood[2]" classname="MoodAnalyserTest" time="0.0"/>
  <testcase name="givenMessage_ShouldReturnMood[3]" classname="MoodAnalyserTest" time="0.001"/>
  <testcase name="givenMessage_ShouldReturnMood[4]" classname="MoodAnalyserTest" time="0.001"/>
  <testcase name="givenMessage_ShouldReturnMood[5]" classname="MoodAnalyserTest" time="0.0"/>
  <testcase name="givenMessage_ShouldReturnMood[6]" classname="MoodAnalyserTest" time="0.001"/>
  <system-out><![CDATA[]]></system-out>
  <system-err><![CDATA[]]></system-err>
</testsuite>
